{
  "stats": {
    "suites": 1,
    "tests": 1,
    "passes": 1,
    "pending": 0,
    "failures": 0,
    "start": "2026-04-29T08:22:17.815Z",
    "end": "2026-04-29T08:22:17.870Z",
    "duration": 55,
    "testsRegistered": 1,
    "passPercent": 100,
    "pendingPercent": 0,
    "other": 0,
    "hasOther": false,
    "skipped": 0,
    "hasSkipped": false
  },
  "results": [
    {
      "uuid": "1c6c4fed-8cac-459f-85b6-573dd1a0301a",
      "title": "",
      "fullFile": "",
      "file": "",
      "beforeHooks": [],
      "afterHooks": [],
      "tests": [],
      "suites": [
        {
          "uuid": "25b2955a-f860-4061-8e17-224e709a1cf8",
          "title": "GET /users",
          "fullFile": "/home/Alex/Workshop/project1/simple-nodejs-web-app/server/test/integration/index.js",
          "file": "/test/integration/index.js",
          "beforeHooks": [],
          "afterHooks": [],
          "tests": [
            {
              "title": "Should display a list of users, fetched from db",
              "fullTitle": "GET /users Should display a list of users, fetched from db",
              "timedOut": false,
              "duration": 48,
              "state": "passed",
              "speed": "medium",
              "pass": true,
              "fail": false,
              "pending": false,
              "context": null,
              "code": "_chai.default.request(_index.default).get(\"/users\").then(res => {\n  (0, _chai.expect)(res).to.be.html;\n  res.text.should.match(/<h1.*>Rapidcode Users<\\/h1>/g);\n  res.text.should.match(/<h3.*>.*<\\/h3>/g);\n  done();\n}).catch(err => {\n  done(err);\n});",
              "err": {},
              "uuid": "713466be-b0af-4997-b61b-ce7e4a7b1a1e",
              "parentUUID": "25b2955a-f860-4061-8e17-224e709a1cf8",
              "isHook": false,
              "skipped": false
            }
          ],
          "suites": [],
          "passes": [
            "713466be-b0af-4997-b61b-ce7e4a7b1a1e"
          ],
          "failures": [],
          "pending": [],
          "skipped": [],
          "duration": 48,
          "root": false,
          "rootEmpty": false,
          "_timeout": 10000
        }
      ],
      "passes": [],
      "failures": [],
      "pending": [],
      "skipped": [],
      "duration": 0,
      "root": true,
      "rootEmpty": true,
      "_timeout": 10000
    }
  ],
  "meta": {
    "mocha": {
      "version": "8.3.2"
    },
    "mochawesome": {
      "options": {
        "quiet": false,
        "reportFilename": "mochawesome",
        "saveHtml": true,
        "saveJson": true,
        "consoleReporter": "spec",
        "useInlineDiffs": false,
        "code": true
      },
      "version": "6.2.2"
    },
    "marge": {
      "options": null,
      "version": "5.2.0"
    }
  }
}